


ARM Macro Assembler    Page 1 


    1 00000000         ; Filename:     main.s 
    2 00000000         ; Author:       REPLACE WITH YOUR NAMES 
    3 00000000         ; Description:  
    4 00000000                 export           __main
    5 00000000         
    6 00000000 00000001 
                       BYTE    EQU              1
    7 00000000 00000002 
                       HALF_WORD
                               EQU              2
    8 00000000 00000004 
                       WORD    EQU              4
    9 00000000         
   10 00000000         ;Indicating where the CODE section of the program starts
                       
   11 00000000                 AREA             FLASH, CODE, READONLY
   12 00000000         
   13 00000000 00 00   LTABLE  DCW              0
   14 00000002 01 00           DCW              1
   15 00000004 08 00           DCW              8
   16 00000006 1B 00           DCW              27
   17 00000008 40 00           DCW              64
   18 0000000A 7D 00           DCW              125
   19 0000000C D8 00           DCW              216
   20 0000000E 57 01           DCW              343
   21 00000010         
   22 00000010         
   23 00000010         
   24 00000010         ;**********************************************
   25 00000010         ; main program start
   26 00000010         ;**********************************************
   27 00000010         __main
   28 00000010         
   29 00000010         
   30 00000010         
   31 00000010         ;LOAD LTABLE AND ARRAY1/ARRAY2
   32 00000010 4814            LDR              R0, =(LTABLE)
   33 00000012 4915            LDR              R1, =(ARRAY1)
   34 00000014 4A15            LDR              R2, =(ARRAY2)
   35 00000016         
   36 00000016         ;LOAD THE 6TH ENTRY OF LTABLE IN R10
   37 00000016 F8D0 A006       LDR              R10, [R0, #HALF_WORD * 3]
   38 0000001A         
   39 0000001A         
   40 0000001A         ;COPY CONTENTS OF LTABLE INTO ARRAY1
   41 0000001A F830 3B02       LDRH             R3, [R0], #HALF_WORD
   42 0000001E F821 3B02       STRH             R3, [R1], #HALF_WORD
   43 00000022         
   44 00000022 F830 3B02       LDRH             R3, [R0], #HALF_WORD
   45 00000026 F821 3B02       STRH             R3, [R1], #HALF_WORD
   46 0000002A         
   47 0000002A F830 3B02       LDRH             R3, [R0], #HALF_WORD
   48 0000002E F821 3B02       STRH             R3, [R1], #HALF_WORD
   49 00000032         
   50 00000032 F830 3B02       LDRH             R3, [R0], #HALF_WORD
   51 00000036 F821 3B02       STRH             R3, [R1], #HALF_WORD
   52 0000003A         
   53 0000003A F830 3B02       LDRH             R3, [R0], #HALF_WORD
   54 0000003E F821 3B02       STRH             R3, [R1], #HALF_WORD



ARM Macro Assembler    Page 2 


   55 00000042         
   56 00000042 F830 3B02       LDRH             R3, [R0], #HALF_WORD
   57 00000046 F821 3B02       STRH             R3, [R1], #HALF_WORD
   58 0000004A         
   59 0000004A F830 3B02       LDRH             R3, [R0], #HALF_WORD
   60 0000004E F821 3B02       STRH             R3, [R1], #HALF_WORD
   61 00000052         
   62 00000052 F830 3B02       LDRH             R3, [R0], #HALF_WORD
   63 00000056 F821 3B02       STRH             R3, [R1], #HALF_WORD
   64 0000005A         
   65 0000005A         ;COPY CONTENTS OF LTABLE INTO ARRAY2
   66 0000005A E890 07F0       LDM              R0, {R4-R10}
   67 0000005E E882 07F0       STM              R2, {R4-R10}
   68 00000062         
   69 00000062 E7FE            B                __main
   70 00000064         
   71 00000064 00000000 
              00000000 
              00000000         AREA             SRAM, READWRITE
   72 00000000         
   73 00000000 00 00 00 
              00 00 00 
              00 00 00 
              00 00 00 
              00 00 00 
              00       ARRAY1  SPACE            8*HALF_WORD
   74 00000010 00 00 00 
              00 00 00 
              00 00 00 
              00 00 00 
              00 00 00 
              00       ARRAY2  SPACE            8*HALF_WORD
   75 00000020         
   76 00000020                 END
Command Line: --debug --xref --cpu=Cortex-M4 --apcs=interwork --depend=main.d -
omain.o -IQ:\uVision4.5\ARM\RV31\Inc -IQ:\uVision4.5\ARM\CMSIS\Include -IQ:\uVi
sion4.5\ARM\Inc\Luminary --predefine="__EVAL SETA 1" --predefine="__MICROLIB SE
TA 1" --list=main.lst main.s



ARM Macro Assembler    Page 1 Alphabetic symbol ordering
Relocatable symbols

FLASH 00000000

Symbol: FLASH
   Definitions
      At line 11 in file main.s
   Uses
      None
Comment: FLASH unused
LTABLE 00000000

Symbol: LTABLE
   Definitions
      At line 13 in file main.s
   Uses
      At line 32 in file main.s
Comment: LTABLE used once
__main 00000010

Symbol: __main
   Definitions
      At line 27 in file main.s
   Uses
      At line 4 in file main.s
      At line 69 in file main.s

3 symbols



ARM Macro Assembler    Page 1 Alphabetic symbol ordering
Relocatable symbols

ARRAY1 00000000

Symbol: ARRAY1
   Definitions
      At line 73 in file main.s
   Uses
      At line 33 in file main.s
Comment: ARRAY1 used once
ARRAY2 00000010

Symbol: ARRAY2
   Definitions
      At line 74 in file main.s
   Uses
      At line 34 in file main.s
Comment: ARRAY2 used once
SRAM 00000000

Symbol: SRAM
   Definitions
      At line 71 in file main.s
   Uses
      None
Comment: SRAM unused
3 symbols



ARM Macro Assembler    Page 1 Alphabetic symbol ordering
Absolute symbols

BYTE 00000001

Symbol: BYTE
   Definitions
      At line 6 in file main.s
   Uses
      None
Comment: BYTE unused
HALF_WORD 00000002

Symbol: HALF_WORD
   Definitions
      At line 7 in file main.s
   Uses
      At line 37 in file main.s
      At line 41 in file main.s
      At line 42 in file main.s
      At line 44 in file main.s
      At line 45 in file main.s
      At line 47 in file main.s
      At line 48 in file main.s
      At line 50 in file main.s
      At line 51 in file main.s
      At line 53 in file main.s
      At line 54 in file main.s
      At line 56 in file main.s
      At line 57 in file main.s
      At line 59 in file main.s
      At line 60 in file main.s
      At line 62 in file main.s
      At line 63 in file main.s
      At line 73 in file main.s
      At line 74 in file main.s

WORD 00000004

Symbol: WORD
   Definitions
      At line 8 in file main.s
   Uses
      None
Comment: WORD unused
3 symbols
343 symbols in table
